<?xml version="1.0" encoding="UTF-8"?>
<testsuite xmlns:xsi="http://www.w3.org/2001/XMLSchema-instance" xsi:noNamespaceSchemaLocation="https://maven.apache.org/surefire/maven-surefire-plugin/xsd/surefire-test-report-3.0.xsd" version="3.0" name="com.tecsup.petclinic.webs.PetControllerMockitoTest" time="1.357" tests="5" errors="0" skipped="0" failures="0">
  <properties>
[...]
</properties>
  <testcase name="testFindAllPets" classname="com.tecsup.petclinic.webs.PetControllerMockitoTest" time="0.11">
    <system-out><![CDATA[&amp#27;[2m2024-12-04T15:57:43.618-05:00&amp#27;[0;39m &amp#27;[32m INFO&amp#27;[0;39m &amp#27;[35m200517&amp#27;[0;39m &amp#27;[2m---&amp#27;[0;39m &amp#27;[2m[           main]&amp#27;[0;39m &amp#27;[36mt.c.s.AnnotationConfigContextLoaderUtils&amp#27;[0;39m &amp#27;[2m:&amp#27;[0;39m Could not detect default configuration classes for test class [com.tecsup.petclinic.webs.PetControllerMockitoTest]: PetControllerMockitoTest does not declare any static, non-private, non-final, nested classes annotated with @Configuration.
&amp#27;[2m2024-12-04T15:57:43.621-05:00&amp#27;[0;39m &amp#27;[32m INFO&amp#27;[0;39m &amp#27;[35m200517&amp#27;[0;39m &amp#27;[2m---&amp#27;[0;39m &amp#27;[2m[           main]&amp#27;[0;39m &amp#27;[36m.b.t.c.SpringBootTestContextBootstrapper&amp#27;[0;39m &amp#27;[2m:&amp#27;[0;39m Found @SpringBootConfiguration com.tecsup.petclinic.PetClinicApplication for test class com.tecsup.petclinic.webs.PetControllerMockitoTest
&amp#27;[2m2024-12-04T15:57:43.625-05:00&amp#27;[0;39m &amp#27;[32m INFO&amp#27;[0;39m &amp#27;[35m200517&amp#27;[0;39m &amp#27;[2m---&amp#27;[0;39m &amp#27;[2m[           main]&amp#27;[0;39m &amp#27;[36mo.s.b.d.r.RestartApplicationListener    &amp#27;[0;39m &amp#27;[2m:&amp#27;[0;39m Restart disabled due to context in which it is running

  .   ____          _            __ _ _
 /\\ / ___'_ __ _ _(_)_ __  __ _ \ \ \ \
( ( )\___ | '_ | '_| | '_ \/ _` | \ \ \ \
 \\/  ___)| |_)| | | | | || (_| |  ) ) ) )
  '  |____| .__|_| |_|_| |_\__, | / / / /
 =========|_|==============|___/=/_/_/_/
&amp#27;[32m :: Spring Boot :: &amp#27;[39m             &amp#27;[2m (v3.1.11)&amp#27;[0;39m

&amp#27;[2m2024-12-04T15:57:43.651-05:00&amp#27;[0;39m &amp#27;[32m INFO&amp#27;[0;39m &amp#27;[35m200517&amp#27;[0;39m &amp#27;[2m---&amp#27;[0;39m &amp#27;[2m[           main]&amp#27;[0;39m &amp#27;[36mc.t.p.webs.PetControllerMockitoTest     &amp#27;[0;39m &amp#27;[2m:&amp#27;[0;39m Starting PetControllerMockitoTest using Java 22.0.2 with PID 200517 (started by theshepsmt in /home/theshepsmt/Projects/petclinic_load_test)
&amp#27;[2m2024-12-04T15:57:43.652-05:00&amp#27;[0;39m &amp#27;[32m INFO&amp#27;[0;39m &amp#27;[35m200517&amp#27;[0;39m &amp#27;[2m---&amp#27;[0;39m &amp#27;[2m[           main]&amp#27;[0;39m &amp#27;[36mc.t.p.webs.PetControllerMockitoTest     &amp#27;[0;39m &amp#27;[2m:&amp#27;[0;39m The following 1 profile is active: "local"
&amp#27;[2m2024-12-04T15:57:43.763-05:00&amp#27;[0;39m &amp#27;[32m INFO&amp#27;[0;39m &amp#27;[35m200517&amp#27;[0;39m &amp#27;[2m---&amp#27;[0;39m &amp#27;[2m[           main]&amp#27;[0;39m &amp#27;[36m.s.d.r.c.RepositoryConfigurationDelegate&amp#27;[0;39m &amp#27;[2m:&amp#27;[0;39m Bootstrapping Spring Data JPA repositories in DEFAULT mode.
&amp#27;[2m2024-12-04T15:57:43.769-05:00&amp#27;[0;39m &amp#27;[32m INFO&amp#27;[0;39m &amp#27;[35m200517&amp#27;[0;39m &amp#27;[2m---&amp#27;[0;39m &amp#27;[2m[           main]&amp#27;[0;39m &amp#27;[36m.s.d.r.c.RepositoryConfigurationDelegate&amp#27;[0;39m &amp#27;[2m:&amp#27;[0;39m Finished Spring Data repository scanning in 6 ms. Found 1 JPA repository interface.
&amp#27;[2m2024-12-04T15:57:44.328-05:00&amp#27;[0;39m &amp#27;[32m INFO&amp#27;[0;39m &amp#27;[35m200517&amp#27;[0;39m &amp#27;[2m---&amp#27;[0;39m &amp#27;[2m[           main]&amp#27;[0;39m &amp#27;[36mcom.zaxxer.hikari.HikariDataSource      &amp#27;[0;39m &amp#27;[2m:&amp#27;[0;39m HikariPool-2 - Starting...
&amp#27;[2m2024-12-04T15:57:44.330-05:00&amp#27;[0;39m &amp#27;[32m INFO&amp#27;[0;39m &amp#27;[35m200517&amp#27;[0;39m &amp#27;[2m---&amp#27;[0;39m &amp#27;[2m[           main]&amp#27;[0;39m &amp#27;[36mcom.zaxxer.hikari.pool.HikariPool       &amp#27;[0;39m &amp#27;[2m:&amp#27;[0;39m HikariPool-2 - Added connection conn10: url=jdbc:h2:mem:testdb user=SA
&amp#27;[2m2024-12-04T15:57:44.331-05:00&amp#27;[0;39m &amp#27;[32m INFO&amp#27;[0;39m &amp#27;[35m200517&amp#27;[0;39m &amp#27;[2m---&amp#27;[0;39m &amp#27;[2m[           main]&amp#27;[0;39m &amp#27;[36mcom.zaxxer.hikari.HikariDataSource      &amp#27;[0;39m &amp#27;[2m:&amp#27;[0;39m HikariPool-2 - Start completed.
&amp#27;[2m2024-12-04T15:57:44.334-05:00&amp#27;[0;39m &amp#27;[32m INFO&amp#27;[0;39m &amp#27;[35m200517&amp#27;[0;39m &amp#27;[2m---&amp#27;[0;39m &amp#27;[2m[           main]&amp#27;[0;39m &amp#27;[36mo.hibernate.jpa.internal.util.LogHelper &amp#27;[0;39m &amp#27;[2m:&amp#27;[0;39m HHH000204: Processing PersistenceUnitInfo [name: default]
&amp#27;[2m2024-12-04T15:57:44.345-05:00&amp#27;[0;39m &amp#27;[32m INFO&amp#27;[0;39m &amp#27;[35m200517&amp#27;[0;39m &amp#27;[2m---&amp#27;[0;39m &amp#27;[2m[           main]&amp#27;[0;39m &amp#27;[36mo.s.o.j.p.SpringPersistenceUnitInfo     &amp#27;[0;39m &amp#27;[2m:&amp#27;[0;39m No LoadTimeWeaver setup: ignoring JPA class transformer
&amp#27;[2m2024-12-04T15:57:44.347-05:00&amp#27;[0;39m &amp#27;[33m WARN&amp#27;[0;39m &amp#27;[35m200517&amp#27;[0;39m &amp#27;[2m---&amp#27;[0;39m &amp#27;[2m[           main]&amp#27;[0;39m &amp#27;[36morg.hibernate.orm.deprecation           &amp#27;[0;39m &amp#27;[2m:&amp#27;[0;39m HHH90000025: H2Dialect does not need to be specified explicitly using 'hibernate.dialect' (remove the property setting and it will be selected by default)
&amp#27;[2m2024-12-04T15:57:44.391-05:00&amp#27;[0;39m &amp#27;[32m INFO&amp#27;[0;39m &amp#27;[35m200517&amp#27;[0;39m &amp#27;[2m---&amp#27;[0;39m &amp#27;[2m[           main]&amp#27;[0;39m &amp#27;[36mo.h.e.t.j.p.i.JtaPlatformInitiator      &amp#27;[0;39m &amp#27;[2m:&amp#27;[0;39m HHH000489: No JTA platform available (set 'hibernate.transaction.jta.platform' to enable JTA platform integration)
Hibernate: 
    drop table if exists pets cascade 
Hibernate: 
    create table pets (
        id integer generated by default as identity,
        owner_id integer,
        type_id integer,
        birth_date timestamp(6),
        name varchar(255),
        primary key (id)
    )
&amp#27;[2m2024-12-04T15:57:44.396-05:00&amp#27;[0;39m &amp#27;[32m INFO&amp#27;[0;39m &amp#27;[35m200517&amp#27;[0;39m &amp#27;[2m---&amp#27;[0;39m &amp#27;[2m[           main]&amp#27;[0;39m &amp#27;[36mj.LocalContainerEntityManagerFactoryBean&amp#27;[0;39m &amp#27;[2m:&amp#27;[0;39m Initialized JPA EntityManagerFactory for persistence unit 'default'
&amp#27;[2m2024-12-04T15:57:44.463-05:00&amp#27;[0;39m &amp#27;[33m WARN&amp#27;[0;39m &amp#27;[35m200517&amp#27;[0;39m &amp#27;[2m---&amp#27;[0;39m &amp#27;[2m[           main]&amp#27;[0;39m &amp#27;[36mJpaBaseConfiguration$JpaWebConfiguration&amp#27;[0;39m &amp#27;[2m:&amp#27;[0;39m spring.jpa.open-in-view is enabled by default. Therefore, database queries may be performed during view rendering. Explicitly configure spring.jpa.open-in-view to disable this warning
&amp#27;[2m2024-12-04T15:57:44.740-05:00&amp#27;[0;39m &amp#27;[32m INFO&amp#27;[0;39m &amp#27;[35m200517&amp#27;[0;39m &amp#27;[2m---&amp#27;[0;39m &amp#27;[2m[           main]&amp#27;[0;39m &amp#27;[36mo.s.b.a.h2.H2ConsoleAutoConfiguration   &amp#27;[0;39m &amp#27;[2m:&amp#27;[0;39m H2 console available at '/h2'. Database available at 'jdbc:h2:mem:testdb'
&amp#27;[2m2024-12-04T15:57:44.778-05:00&amp#27;[0;39m &amp#27;[32m INFO&amp#27;[0;39m &amp#27;[35m200517&amp#27;[0;39m &amp#27;[2m---&amp#27;[0;39m &amp#27;[2m[           main]&amp#27;[0;39m &amp#27;[36mo.s.b.t.m.w.SpringBootMockServletContext&amp#27;[0;39m &amp#27;[2m:&amp#27;[0;39m Initializing Spring TestDispatcherServlet ''
&amp#27;[2m2024-12-04T15:57:44.779-05:00&amp#27;[0;39m &amp#27;[32m INFO&amp#27;[0;39m &amp#27;[35m200517&amp#27;[0;39m &amp#27;[2m---&amp#27;[0;39m &amp#27;[2m[           main]&amp#27;[0;39m &amp#27;[36mo.s.t.web.servlet.TestDispatcherServlet &amp#27;[0;39m &amp#27;[2m:&amp#27;[0;39m Initializing Servlet ''
&amp#27;[2m2024-12-04T15:57:44.780-05:00&amp#27;[0;39m &amp#27;[32m INFO&amp#27;[0;39m &amp#27;[35m200517&amp#27;[0;39m &amp#27;[2m---&amp#27;[0;39m &amp#27;[2m[           main]&amp#27;[0;39m &amp#27;[36mo.s.t.web.servlet.TestDispatcherServlet &amp#27;[0;39m &amp#27;[2m:&amp#27;[0;39m Completed initialization in 1 ms
&amp#27;[2m2024-12-04T15:57:44.791-05:00&amp#27;[0;39m &amp#27;[32m INFO&amp#27;[0;39m &amp#27;[35m200517&amp#27;[0;39m &amp#27;[2m---&amp#27;[0;39m &amp#27;[2m[           main]&amp#27;[0;39m &amp#27;[36mc.t.p.webs.PetControllerMockitoTest     &amp#27;[0;39m &amp#27;[2m:&amp#27;[0;39m Started PetControllerMockitoTest in 1.166 seconds (process running for 8.739)
&amp#27;[2m2024-12-04T15:57:44.886-05:00&amp#27;[0;39m &amp#27;[32m INFO&amp#27;[0;39m &amp#27;[35m200517&amp#27;[0;39m &amp#27;[2m---&amp#27;[0;39m &amp#27;[2m[           main]&amp#27;[0;39m &amp#27;[36mc.tecsup.petclinic.webs.PetController   &amp#27;[0;39m &amp#27;[2m:&amp#27;[0;39m pets: [Pet(id=1, name=Leo, typeId=1, ownerId=1, birthDate=Thu Sep 07 00:00:00 PET 2000), Pet(id=2, name=Basil, typeId=6, ownerId=2, birthDate=Tue Aug 06 00:00:00 PET 2002), Pet(id=3, name=Rosy, typeId=2, ownerId=3, birthDate=Tue Apr 17 00:00:00 PET 2001), Pet(id=4, name=Jewel, typeId=2, ownerId=3, birthDate=Tue Mar 07 00:00:00 PET 2000), Pet(id=5, name=Iggy, typeId=3, ownerId=4, birthDate=Thu Nov 30 00:00:00 PET 2000)]
&amp#27;[2m2024-12-04T15:57:44.887-05:00&amp#27;[0;39m &amp#27;[32m INFO&amp#27;[0;39m &amp#27;[35m200517&amp#27;[0;39m &amp#27;[2m---&amp#27;[0;39m &amp#27;[2m[           main]&amp#27;[0;39m &amp#27;[36mc.tecsup.petclinic.webs.PetController   &amp#27;[0;39m &amp#27;[2m:&amp#27;[0;39m Pet >>  Pet(id=1, name=Leo, typeId=1, ownerId=1, birthDate=Thu Sep 07 00:00:00 PET 2000) 
&amp#27;[2m2024-12-04T15:57:44.887-05:00&amp#27;[0;39m &amp#27;[32m INFO&amp#27;[0;39m &amp#27;[35m200517&amp#27;[0;39m &amp#27;[2m---&amp#27;[0;39m &amp#27;[2m[           main]&amp#27;[0;39m &amp#27;[36mc.tecsup.petclinic.webs.PetController   &amp#27;[0;39m &amp#27;[2m:&amp#27;[0;39m Pet >>  Pet(id=2, name=Basil, typeId=6, ownerId=2, birthDate=Tue Aug 06 00:00:00 PET 2002) 
&amp#27;[2m2024-12-04T15:57:44.887-05:00&amp#27;[0;39m &amp#27;[32m INFO&amp#27;[0;39m &amp#27;[35m200517&amp#27;[0;39m &amp#27;[2m---&amp#27;[0;39m &amp#27;[2m[           main]&amp#27;[0;39m &amp#27;[36mc.tecsup.petclinic.webs.PetController   &amp#27;[0;39m &amp#27;[2m:&amp#27;[0;39m Pet >>  Pet(id=3, name=Rosy, typeId=2, ownerId=3, birthDate=Tue Apr 17 00:00:00 PET 2001) 
&amp#27;[2m2024-12-04T15:57:44.887-05:00&amp#27;[0;39m &amp#27;[32m INFO&amp#27;[0;39m &amp#27;[35m200517&amp#27;[0;39m &amp#27;[2m---&amp#27;[0;39m &amp#27;[2m[           main]&amp#27;[0;39m &amp#27;[36mc.tecsup.petclinic.webs.PetController   &amp#27;[0;39m &amp#27;[2m:&amp#27;[0;39m Pet >>  Pet(id=4, name=Jewel, typeId=2, ownerId=3, birthDate=Tue Mar 07 00:00:00 PET 2000) 
&amp#27;[2m2024-12-04T15:57:44.888-05:00&amp#27;[0;39m &amp#27;[32m INFO&amp#27;[0;39m &amp#27;[35m200517&amp#27;[0;39m &amp#27;[2m---&amp#27;[0;39m &amp#27;[2m[           main]&amp#27;[0;39m &amp#27;[36mc.tecsup.petclinic.webs.PetController   &amp#27;[0;39m &amp#27;[2m:&amp#27;[0;39m Pet >>  Pet(id=5, name=Iggy, typeId=3, ownerId=4, birthDate=Thu Nov 30 00:00:00 PET 2000) 
&amp#27;[2m2024-12-04T15:57:44.888-05:00&amp#27;[0;39m &amp#27;[32m INFO&amp#27;[0;39m &amp#27;[35m200517&amp#27;[0;39m &amp#27;[2m---&amp#27;[0;39m &amp#27;[2m[           main]&amp#27;[0;39m &amp#27;[36mc.tecsup.petclinic.webs.PetController   &amp#27;[0;39m &amp#27;[2m:&amp#27;[0;39m petsTO: [PetTO(id=1, name=Leo, typeId=1, ownerId=1, birthDate=2000-09-07), PetTO(id=2, name=Basil, typeId=6, ownerId=2, birthDate=2002-08-06), PetTO(id=3, name=Rosy, typeId=2, ownerId=3, birthDate=2001-04-17), PetTO(id=4, name=Jewel, typeId=2, ownerId=3, birthDate=2000-03-07), PetTO(id=5, name=Iggy, typeId=3, ownerId=4, birthDate=2000-11-30)]
&amp#27;[2m2024-12-04T15:57:44.889-05:00&amp#27;[0;39m &amp#27;[32m INFO&amp#27;[0;39m &amp#27;[35m200517&amp#27;[0;39m &amp#27;[2m---&amp#27;[0;39m &amp#27;[2m[           main]&amp#27;[0;39m &amp#27;[36mc.tecsup.petclinic.webs.PetController   &amp#27;[0;39m &amp#27;[2m:&amp#27;[0;39m PetTO >>  PetTO(id=1, name=Leo, typeId=1, ownerId=1, birthDate=2000-09-07) 
&amp#27;[2m2024-12-04T15:57:44.889-05:00&amp#27;[0;39m &amp#27;[32m INFO&amp#27;[0;39m &amp#27;[35m200517&amp#27;[0;39m &amp#27;[2m---&amp#27;[0;39m &amp#27;[2m[           main]&amp#27;[0;39m &amp#27;[36mc.tecsup.petclinic.webs.PetController   &amp#27;[0;39m &amp#27;[2m:&amp#27;[0;39m PetTO >>  PetTO(id=2, name=Basil, typeId=6, ownerId=2, birthDate=2002-08-06) 
&amp#27;[2m2024-12-04T15:57:44.889-05:00&amp#27;[0;39m &amp#27;[32m INFO&amp#27;[0;39m &amp#27;[35m200517&amp#27;[0;39m &amp#27;[2m---&amp#27;[0;39m &amp#27;[2m[           main]&amp#27;[0;39m &amp#27;[36mc.tecsup.petclinic.webs.PetController   &amp#27;[0;39m &amp#27;[2m:&amp#27;[0;39m PetTO >>  PetTO(id=3, name=Rosy, typeId=2, ownerId=3, birthDate=2001-04-17) 
&amp#27;[2m2024-12-04T15:57:44.889-05:00&amp#27;[0;39m &amp#27;[32m INFO&amp#27;[0;39m &amp#27;[35m200517&amp#27;[0;39m &amp#27;[2m---&amp#27;[0;39m &amp#27;[2m[           main]&amp#27;[0;39m &amp#27;[36mc.tecsup.petclinic.webs.PetController   &amp#27;[0;39m &amp#27;[2m:&amp#27;[0;39m PetTO >>  PetTO(id=4, name=Jewel, typeId=2, ownerId=3, birthDate=2000-03-07) 
&amp#27;[2m2024-12-04T15:57:44.889-05:00&amp#27;[0;39m &amp#27;[32m INFO&amp#27;[0;39m &amp#27;[35m200517&amp#27;[0;39m &amp#27;[2m---&amp#27;[0;39m &amp#27;[2m[           main]&amp#27;[0;39m &amp#27;[36mc.tecsup.petclinic.webs.PetController   &amp#27;[0;39m &amp#27;[2m:&amp#27;[0;39m PetTO >>  PetTO(id=5, name=Iggy, typeId=3, ownerId=4, birthDate=2000-11-30) 
]]></system-out>
  </testcase>
  <testcase name="testDeletePet" classname="com.tecsup.petclinic.webs.PetControllerMockitoTest" time="0.024">
    <system-out><![CDATA[
MockHttpServletRequest:
      HTTP Method = POST
      Request URI = /pets
       Parameters = {}
          Headers = [Content-Type:"application/json;charset=UTF-8", Content-Length:"80"]
             Body = {"id":10000,"name":"Beethoven3","typeId":1,"ownerId":1,"birthDate":"2020-05-20"}
    Session Attrs = {}

Handler:
             Type = com.tecsup.petclinic.webs.PetController
           Method = com.tecsup.petclinic.webs.PetController#create(PetTO)

Async:
    Async started = false
     Async result = null

Resolved Exception:
             Type = null

ModelAndView:
        View name = null
             View = null
            Model = null

FlashMap:
       Attributes = null

MockHttpServletResponse:
           Status = 201
    Error message = null
          Headers = [Content-Type:"application/json"]
     Content type = application/json
             Body = {"id":10000,"name":"Beethoven3","typeId":1,"ownerId":1,"birthDate":"2020-05-20"}
    Forwarded URL = null
   Redirected URL = null
          Cookies = []
]]></system-out>
  </testcase>
  <testcase name="testFindPetKO" classname="com.tecsup.petclinic.webs.PetControllerMockitoTest" time="0.011"/>
  <testcase name="testFindPetOK" classname="com.tecsup.petclinic.webs.PetControllerMockitoTest" time="0.009">
    <system-out><![CDATA[
MockHttpServletRequest:
      HTTP Method = GET
      Request URI = /pets/1
       Parameters = {}
          Headers = []
             Body = null
    Session Attrs = {}

Handler:
             Type = com.tecsup.petclinic.webs.PetController
           Method = com.tecsup.petclinic.webs.PetController#findById(Integer)

Async:
    Async started = false
     Async result = null

Resolved Exception:
             Type = null

ModelAndView:
        View name = null
             View = null
            Model = null

FlashMap:
       Attributes = null

MockHttpServletResponse:
           Status = 200
    Error message = null
          Headers = [Content-Type:"application/json"]
     Content type = application/json
             Body = {"id":1,"name":"Leo","typeId":1,"ownerId":1,"birthDate":"2000-09-07"}
    Forwarded URL = null
   Redirected URL = null
          Cookies = []
]]></system-out>
  </testcase>
  <testcase name="testCreatePet" classname="com.tecsup.petclinic.webs.PetControllerMockitoTest" time="0.012">
    <system-out><![CDATA[
MockHttpServletRequest:
      HTTP Method = POST
      Request URI = /pets
       Parameters = {}
          Headers = [Content-Type:"application/json;charset=UTF-8", Content-Length:"76"]
             Body = {"id":-1,"name":"Beethoven","typeId":1,"ownerId":1,"birthDate":"2020-05-20"}
    Session Attrs = {}

Handler:
             Type = com.tecsup.petclinic.webs.PetController
           Method = com.tecsup.petclinic.webs.PetController#create(PetTO)

Async:
    Async started = false
     Async result = null

Resolved Exception:
             Type = null

ModelAndView:
        View name = null
             View = null
            Model = null

FlashMap:
       Attributes = null

MockHttpServletResponse:
           Status = 201
    Error message = null
          Headers = [Content-Type:"application/json"]
     Content type = application/json
             Body = {"id":-1,"name":"Beethoven","typeId":1,"ownerId":1,"birthDate":"2020-05-20"}
    Forwarded URL = null
   Redirected URL = null
          Cookies = []
]]></system-out>
  </testcase>
</testsuite>