<?xml version="1.0" encoding="UTF-8"?>
<testsuite xmlns:xsi="http://www.w3.org/2001/XMLSchema-instance" xsi:noNamespaceSchemaLocation="https://maven.apache.org/surefire/maven-surefire-plugin/xsd/surefire-test-report-3.0.xsd" version="3.0" name="com.tecsup.petclinic.webs.PetControllerTest" time="6.777" tests="7" errors="0" skipped="0" failures="0">
  <properties>
[...]
</properties>
  <testcase name="testDeletePetKO" classname="com.tecsup.petclinic.webs.PetControllerTest" time="0.618">
    <system-out><![CDATA[15:57:37.092 [main] INFO org.springframework.test.context.support.AnnotationConfigContextLoaderUtils -- Could not detect default configuration classes for test class [com.tecsup.petclinic.webs.PetControllerTest]: PetControllerTest does not declare any static, non-private, non-final, nested classes annotated with @Configuration.
15:57:37.278 [main] INFO org.springframework.boot.test.context.SpringBootTestContextBootstrapper -- Found @SpringBootConfiguration com.tecsup.petclinic.PetClinicApplication for test class com.tecsup.petclinic.webs.PetControllerTest
15:57:37.755 [main] INFO org.springframework.boot.devtools.restart.RestartApplicationListener -- Restart disabled due to context in which it is running

  .   ____          _            __ _ _
 /\\ / ___'_ __ _ _(_)_ __  __ _ \ \ \ \
( ( )\___ | '_ | '_| | '_ \/ _` | \ \ \ \
 \\/  ___)| |_)| | | | | || (_| |  ) ) ) )
  '  |____| .__|_| |_|_| |_\__, | / / / /
 =========|_|==============|___/=/_/_/_/
&amp#27;[32m :: Spring Boot :: &amp#27;[39m             &amp#27;[2m (v3.1.11)&amp#27;[0;39m

&amp#27;[2m2024-12-04T15:57:38.268-05:00&amp#27;[0;39m &amp#27;[32m INFO&amp#27;[0;39m &amp#27;[35m200517&amp#27;[0;39m &amp#27;[2m---&amp#27;[0;39m &amp#27;[2m[           main]&amp#27;[0;39m &amp#27;[36mc.t.petclinic.webs.PetControllerTest    &amp#27;[0;39m &amp#27;[2m:&amp#27;[0;39m Starting PetControllerTest using Java 22.0.2 with PID 200517 (started by theshepsmt in /home/theshepsmt/Projects/petclinic_load_test)
&amp#27;[2m2024-12-04T15:57:38.270-05:00&amp#27;[0;39m &amp#27;[32m INFO&amp#27;[0;39m &amp#27;[35m200517&amp#27;[0;39m &amp#27;[2m---&amp#27;[0;39m &amp#27;[2m[           main]&amp#27;[0;39m &amp#27;[36mc.t.petclinic.webs.PetControllerTest    &amp#27;[0;39m &amp#27;[2m:&amp#27;[0;39m The following 1 profile is active: "local"
&amp#27;[2m2024-12-04T15:57:39.180-05:00&amp#27;[0;39m &amp#27;[32m INFO&amp#27;[0;39m &amp#27;[35m200517&amp#27;[0;39m &amp#27;[2m---&amp#27;[0;39m &amp#27;[2m[           main]&amp#27;[0;39m &amp#27;[36m.s.d.r.c.RepositoryConfigurationDelegate&amp#27;[0;39m &amp#27;[2m:&amp#27;[0;39m Bootstrapping Spring Data JPA repositories in DEFAULT mode.
&amp#27;[2m2024-12-04T15:57:39.242-05:00&amp#27;[0;39m &amp#27;[32m INFO&amp#27;[0;39m &amp#27;[35m200517&amp#27;[0;39m &amp#27;[2m---&amp#27;[0;39m &amp#27;[2m[           main]&amp#27;[0;39m &amp#27;[36m.s.d.r.c.RepositoryConfigurationDelegate&amp#27;[0;39m &amp#27;[2m:&amp#27;[0;39m Finished Spring Data repository scanning in 51 ms. Found 1 JPA repository interface.
&amp#27;[2m2024-12-04T15:57:39.771-05:00&amp#27;[0;39m &amp#27;[32m INFO&amp#27;[0;39m &amp#27;[35m200517&amp#27;[0;39m &amp#27;[2m---&amp#27;[0;39m &amp#27;[2m[           main]&amp#27;[0;39m &amp#27;[36mcom.zaxxer.hikari.HikariDataSource      &amp#27;[0;39m &amp#27;[2m:&amp#27;[0;39m HikariPool-1 - Starting...
&amp#27;[2m2024-12-04T15:57:40.127-05:00&amp#27;[0;39m &amp#27;[32m INFO&amp#27;[0;39m &amp#27;[35m200517&amp#27;[0;39m &amp#27;[2m---&amp#27;[0;39m &amp#27;[2m[           main]&amp#27;[0;39m &amp#27;[36mcom.zaxxer.hikari.pool.HikariPool       &amp#27;[0;39m &amp#27;[2m:&amp#27;[0;39m HikariPool-1 - Added connection conn0: url=jdbc:h2:mem:testdb user=SA
&amp#27;[2m2024-12-04T15:57:40.129-05:00&amp#27;[0;39m &amp#27;[32m INFO&amp#27;[0;39m &amp#27;[35m200517&amp#27;[0;39m &amp#27;[2m---&amp#27;[0;39m &amp#27;[2m[           main]&amp#27;[0;39m &amp#27;[36mcom.zaxxer.hikari.HikariDataSource      &amp#27;[0;39m &amp#27;[2m:&amp#27;[0;39m HikariPool-1 - Start completed.
&amp#27;[2m2024-12-04T15:57:40.198-05:00&amp#27;[0;39m &amp#27;[32m INFO&amp#27;[0;39m &amp#27;[35m200517&amp#27;[0;39m &amp#27;[2m---&amp#27;[0;39m &amp#27;[2m[           main]&amp#27;[0;39m &amp#27;[36mo.hibernate.jpa.internal.util.LogHelper &amp#27;[0;39m &amp#27;[2m:&amp#27;[0;39m HHH000204: Processing PersistenceUnitInfo [name: default]
&amp#27;[2m2024-12-04T15:57:40.276-05:00&amp#27;[0;39m &amp#27;[32m INFO&amp#27;[0;39m &amp#27;[35m200517&amp#27;[0;39m &amp#27;[2m---&amp#27;[0;39m &amp#27;[2m[           main]&amp#27;[0;39m &amp#27;[36morg.hibernate.Version                   &amp#27;[0;39m &amp#27;[2m:&amp#27;[0;39m HHH000412: Hibernate ORM core version 6.2.24.Final
&amp#27;[2m2024-12-04T15:57:40.279-05:00&amp#27;[0;39m &amp#27;[32m INFO&amp#27;[0;39m &amp#27;[35m200517&amp#27;[0;39m &amp#27;[2m---&amp#27;[0;39m &amp#27;[2m[           main]&amp#27;[0;39m &amp#27;[36morg.hibernate.cfg.Environment           &amp#27;[0;39m &amp#27;[2m:&amp#27;[0;39m HHH000406: Using bytecode reflection optimizer
&amp#27;[2m2024-12-04T15:57:40.636-05:00&amp#27;[0;39m &amp#27;[32m INFO&amp#27;[0;39m &amp#27;[35m200517&amp#27;[0;39m &amp#27;[2m---&amp#27;[0;39m &amp#27;[2m[           main]&amp#27;[0;39m &amp#27;[36mo.s.o.j.p.SpringPersistenceUnitInfo     &amp#27;[0;39m &amp#27;[2m:&amp#27;[0;39m No LoadTimeWeaver setup: ignoring JPA class transformer
&amp#27;[2m2024-12-04T15:57:40.694-05:00&amp#27;[0;39m &amp#27;[33m WARN&amp#27;[0;39m &amp#27;[35m200517&amp#27;[0;39m &amp#27;[2m---&amp#27;[0;39m &amp#27;[2m[           main]&amp#27;[0;39m &amp#27;[36morg.hibernate.orm.deprecation           &amp#27;[0;39m &amp#27;[2m:&amp#27;[0;39m HHH90000025: H2Dialect does not need to be specified explicitly using 'hibernate.dialect' (remove the property setting and it will be selected by default)
&amp#27;[2m2024-12-04T15:57:41.530-05:00&amp#27;[0;39m &amp#27;[32m INFO&amp#27;[0;39m &amp#27;[35m200517&amp#27;[0;39m &amp#27;[2m---&amp#27;[0;39m &amp#27;[2m[           main]&amp#27;[0;39m &amp#27;[36mo.h.e.t.j.p.i.JtaPlatformInitiator      &amp#27;[0;39m &amp#27;[2m:&amp#27;[0;39m HHH000489: No JTA platform available (set 'hibernate.transaction.jta.platform' to enable JTA platform integration)
Hibernate: 
    drop table if exists pets cascade 
Hibernate: 
    create table pets (
        id integer generated by default as identity,
        owner_id integer,
        type_id integer,
        birth_date timestamp(6),
        name varchar(255),
        primary key (id)
    )
&amp#27;[2m2024-12-04T15:57:41.562-05:00&amp#27;[0;39m &amp#27;[32m INFO&amp#27;[0;39m &amp#27;[35m200517&amp#27;[0;39m &amp#27;[2m---&amp#27;[0;39m &amp#27;[2m[           main]&amp#27;[0;39m &amp#27;[36mj.LocalContainerEntityManagerFactoryBean&amp#27;[0;39m &amp#27;[2m:&amp#27;[0;39m Initialized JPA EntityManagerFactory for persistence unit 'default'
&amp#27;[2m2024-12-04T15:57:42.000-05:00&amp#27;[0;39m &amp#27;[33m WARN&amp#27;[0;39m &amp#27;[35m200517&amp#27;[0;39m &amp#27;[2m---&amp#27;[0;39m &amp#27;[2m[           main]&amp#27;[0;39m &amp#27;[36mJpaBaseConfiguration$JpaWebConfiguration&amp#27;[0;39m &amp#27;[2m:&amp#27;[0;39m spring.jpa.open-in-view is enabled by default. Therefore, database queries may be performed during view rendering. Explicitly configure spring.jpa.open-in-view to disable this warning
&amp#27;[2m2024-12-04T15:57:42.568-05:00&amp#27;[0;39m &amp#27;[32m INFO&amp#27;[0;39m &amp#27;[35m200517&amp#27;[0;39m &amp#27;[2m---&amp#27;[0;39m &amp#27;[2m[           main]&amp#27;[0;39m &amp#27;[36mo.s.b.a.h2.H2ConsoleAutoConfiguration   &amp#27;[0;39m &amp#27;[2m:&amp#27;[0;39m H2 console available at '/h2'. Database available at 'jdbc:h2:mem:testdb'
&amp#27;[2m2024-12-04T15:57:42.618-05:00&amp#27;[0;39m &amp#27;[32m INFO&amp#27;[0;39m &amp#27;[35m200517&amp#27;[0;39m &amp#27;[2m---&amp#27;[0;39m &amp#27;[2m[           main]&amp#27;[0;39m &amp#27;[36mo.s.b.t.m.w.SpringBootMockServletContext&amp#27;[0;39m &amp#27;[2m:&amp#27;[0;39m Initializing Spring TestDispatcherServlet ''
&amp#27;[2m2024-12-04T15:57:42.619-05:00&amp#27;[0;39m &amp#27;[32m INFO&amp#27;[0;39m &amp#27;[35m200517&amp#27;[0;39m &amp#27;[2m---&amp#27;[0;39m &amp#27;[2m[           main]&amp#27;[0;39m &amp#27;[36mo.s.t.web.servlet.TestDispatcherServlet &amp#27;[0;39m &amp#27;[2m:&amp#27;[0;39m Initializing Servlet ''
&amp#27;[2m2024-12-04T15:57:42.620-05:00&amp#27;[0;39m &amp#27;[32m INFO&amp#27;[0;39m &amp#27;[35m200517&amp#27;[0;39m &amp#27;[2m---&amp#27;[0;39m &amp#27;[2m[           main]&amp#27;[0;39m &amp#27;[36mo.s.t.web.servlet.TestDispatcherServlet &amp#27;[0;39m &amp#27;[2m:&amp#27;[0;39m Completed initialization in 1 ms
&amp#27;[2m2024-12-04T15:57:42.637-05:00&amp#27;[0;39m &amp#27;[32m INFO&amp#27;[0;39m &amp#27;[35m200517&amp#27;[0;39m &amp#27;[2m---&amp#27;[0;39m &amp#27;[2m[           main]&amp#27;[0;39m &amp#27;[36mc.t.petclinic.webs.PetControllerTest    &amp#27;[0;39m &amp#27;[2m:&amp#27;[0;39m Started PetControllerTest in 4.896 seconds (process running for 6.585)
Hibernate: 
    select
        p1_0.id,
        p1_0.birth_date,
        p1_0.name,
        p1_0.owner_id,
        p1_0.type_id 
    from
        pets p1_0 
    where
        p1_0.id=?
]]></system-out>
    <system-err><![CDATA[WARNING: A Java agent has been loaded dynamically (/home/theshepsmt/.m2/repository/net/bytebuddy/byte-buddy-agent/1.14.13/byte-buddy-agent-1.14.13.jar)
WARNING: If a serviceability tool is in use, please run with -XX:+EnableDynamicAgentLoading to hide this warning
WARNING: If a serviceability tool is not in use, please run with -Djdk.instrument.traceUsage for more information
WARNING: Dynamic loading of agents will be disallowed by default in a future release
]]></system-err>
  </testcase>
  <testcase name="testUpdatePet" classname="com.tecsup.petclinic.webs.PetControllerTest" time="0.187">
    <system-out><![CDATA[Hibernate: 
    insert 
    into
        pets
        (birth_date,name,owner_id,type_id,id) 
    values
        (?,?,?,?,default)

MockHttpServletRequest:
      HTTP Method = POST
      Request URI = /pets
       Parameters = {}
          Headers = [Content-Type:"application/json;charset=UTF-8", Content-Length:"79"]
             Body = {"id":null,"name":"Beethoven4","typeId":1,"ownerId":1,"birthDate":"2020-05-20"}
    Session Attrs = {}

Handler:
             Type = com.tecsup.petclinic.webs.PetController
           Method = com.tecsup.petclinic.webs.PetController#create(PetTO)

Async:
    Async started = false
     Async result = null

Resolved Exception:
             Type = null

ModelAndView:
        View name = null
             View = null
            Model = null

FlashMap:
       Attributes = null

MockHttpServletResponse:
           Status = 201
    Error message = null
          Headers = [Content-Type:"application/json"]
     Content type = application/json
             Body = {"id":14,"name":"Beethoven4","typeId":1,"ownerId":1,"birthDate":"2020-05-20"}
    Forwarded URL = null
   Redirected URL = null
          Cookies = []
Hibernate: 
    select
        p1_0.id,
        p1_0.birth_date,
        p1_0.name,
        p1_0.owner_id,
        p1_0.type_id 
    from
        pets p1_0 
    where
        p1_0.id=?
Hibernate: 
    update
        pets 
    set
        birth_date=?,
        name=?,
        owner_id=?,
        type_id=? 
    where
        id=?

MockHttpServletRequest:
      HTTP Method = PUT
      Request URI = /pets/14
       Parameters = {}
          Headers = [Content-Type:"application/json;charset=UTF-8", Content-Length:"69"]
             Body = {"id":14,"name":"Beethoven5","typeId":2,"ownerId":2,"birthDate":null}
    Session Attrs = {}

Handler:
             Type = com.tecsup.petclinic.webs.PetController
           Method = com.tecsup.petclinic.webs.PetController#update(PetTO, Integer)

Async:
    Async started = false
     Async result = null

Resolved Exception:
             Type = null

ModelAndView:
        View name = null
             View = null
            Model = null

FlashMap:
       Attributes = null

MockHttpServletResponse:
           Status = 200
    Error message = null
          Headers = [Content-Type:"application/json"]
     Content type = application/json
             Body = {"id":14,"name":"Beethoven5","typeId":2,"ownerId":2,"birthDate":"2020-05-20"}
    Forwarded URL = null
   Redirected URL = null
          Cookies = []
Hibernate: 
    select
        p1_0.id,
        p1_0.birth_date,
        p1_0.name,
        p1_0.owner_id,
        p1_0.type_id 
    from
        pets p1_0 
    where
        p1_0.id=?

MockHttpServletRequest:
      HTTP Method = GET
      Request URI = /pets/14
       Parameters = {}
          Headers = []
             Body = null
    Session Attrs = {}

Handler:
             Type = com.tecsup.petclinic.webs.PetController
           Method = com.tecsup.petclinic.webs.PetController#findById(Integer)

Async:
    Async started = false
     Async result = null

Resolved Exception:
             Type = null

ModelAndView:
        View name = null
             View = null
            Model = null

FlashMap:
       Attributes = null

MockHttpServletResponse:
           Status = 200
    Error message = null
          Headers = [Content-Type:"application/json"]
     Content type = application/json
             Body = {"id":14,"name":"Beethoven5","typeId":2,"ownerId":2,"birthDate":"2020-05-20"}
    Forwarded URL = null
   Redirected URL = null
          Cookies = []
Hibernate: 
    select
        p1_0.id,
        p1_0.birth_date,
        p1_0.name,
        p1_0.owner_id,
        p1_0.type_id 
    from
        pets p1_0 
    where
        p1_0.id=?
Hibernate: 
    delete 
    from
        pets 
    where
        id=?
]]></system-out>
  </testcase>
  <testcase name="testFindAllPets" classname="com.tecsup.petclinic.webs.PetControllerTest" time="0.101">
    <system-out><![CDATA[Hibernate: 
    select
        p1_0.id,
        p1_0.birth_date,
        p1_0.name,
        p1_0.owner_id,
        p1_0.type_id 
    from
        pets p1_0
&amp#27;[2m2024-12-04T15:57:43.552-05:00&amp#27;[0;39m &amp#27;[32m INFO&amp#27;[0;39m &amp#27;[35m200517&amp#27;[0;39m &amp#27;[2m---&amp#27;[0;39m &amp#27;[2m[           main]&amp#27;[0;39m &amp#27;[36mc.tecsup.petclinic.webs.PetController   &amp#27;[0;39m &amp#27;[2m:&amp#27;[0;39m pets: [Pet(id=1, name=Leo, typeId=1, ownerId=1, birthDate=2000-09-07 00:00:00.0), Pet(id=2, name=Basil, typeId=6, ownerId=2, birthDate=2002-08-06 00:00:00.0), Pet(id=3, name=Rosy, typeId=2, ownerId=3, birthDate=2001-04-17 00:00:00.0), Pet(id=4, name=Jewel, typeId=2, ownerId=3, birthDate=2000-03-07 00:00:00.0), Pet(id=5, name=Iggy, typeId=3, ownerId=4, birthDate=2000-11-30 00:00:00.0), Pet(id=6, name=George, typeId=4, ownerId=5, birthDate=2000-01-20 00:00:00.0), Pet(id=7, name=Samantha, typeId=1, ownerId=6, birthDate=1995-09-04 00:00:00.0), Pet(id=8, name=Max, typeId=1, ownerId=6, birthDate=1995-09-04 00:00:00.0), Pet(id=9, name=Lucky, typeId=5, ownerId=7, birthDate=1999-08-06 00:00:00.0), Pet(id=10, name=Mulligan, typeId=2, ownerId=8, birthDate=1997-02-24 00:00:00.0), Pet(id=11, name=Freddy, typeId=5, ownerId=9, birthDate=2000-03-09 00:00:00.0), Pet(id=12, name=Lucky, typeId=2, ownerId=10, birthDate=2000-06-24 00:00:00.0), Pet(id=13, name=Sly, typeId=1, ownerId=10, birthDate=2002-06-08 00:00:00.0)]
&amp#27;[2m2024-12-04T15:57:43.552-05:00&amp#27;[0;39m &amp#27;[32m INFO&amp#27;[0;39m &amp#27;[35m200517&amp#27;[0;39m &amp#27;[2m---&amp#27;[0;39m &amp#27;[2m[           main]&amp#27;[0;39m &amp#27;[36mc.tecsup.petclinic.webs.PetController   &amp#27;[0;39m &amp#27;[2m:&amp#27;[0;39m Pet >>  Pet(id=1, name=Leo, typeId=1, ownerId=1, birthDate=2000-09-07 00:00:00.0) 
&amp#27;[2m2024-12-04T15:57:43.552-05:00&amp#27;[0;39m &amp#27;[32m INFO&amp#27;[0;39m &amp#27;[35m200517&amp#27;[0;39m &amp#27;[2m---&amp#27;[0;39m &amp#27;[2m[           main]&amp#27;[0;39m &amp#27;[36mc.tecsup.petclinic.webs.PetController   &amp#27;[0;39m &amp#27;[2m:&amp#27;[0;39m Pet >>  Pet(id=2, name=Basil, typeId=6, ownerId=2, birthDate=2002-08-06 00:00:00.0) 
&amp#27;[2m2024-12-04T15:57:43.553-05:00&amp#27;[0;39m &amp#27;[32m INFO&amp#27;[0;39m &amp#27;[35m200517&amp#27;[0;39m &amp#27;[2m---&amp#27;[0;39m &amp#27;[2m[           main]&amp#27;[0;39m &amp#27;[36mc.tecsup.petclinic.webs.PetController   &amp#27;[0;39m &amp#27;[2m:&amp#27;[0;39m Pet >>  Pet(id=3, name=Rosy, typeId=2, ownerId=3, birthDate=2001-04-17 00:00:00.0) 
&amp#27;[2m2024-12-04T15:57:43.553-05:00&amp#27;[0;39m &amp#27;[32m INFO&amp#27;[0;39m &amp#27;[35m200517&amp#27;[0;39m &amp#27;[2m---&amp#27;[0;39m &amp#27;[2m[           main]&amp#27;[0;39m &amp#27;[36mc.tecsup.petclinic.webs.PetController   &amp#27;[0;39m &amp#27;[2m:&amp#27;[0;39m Pet >>  Pet(id=4, name=Jewel, typeId=2, ownerId=3, birthDate=2000-03-07 00:00:00.0) 
&amp#27;[2m2024-12-04T15:57:43.553-05:00&amp#27;[0;39m &amp#27;[32m INFO&amp#27;[0;39m &amp#27;[35m200517&amp#27;[0;39m &amp#27;[2m---&amp#27;[0;39m &amp#27;[2m[           main]&amp#27;[0;39m &amp#27;[36mc.tecsup.petclinic.webs.PetController   &amp#27;[0;39m &amp#27;[2m:&amp#27;[0;39m Pet >>  Pet(id=5, name=Iggy, typeId=3, ownerId=4, birthDate=2000-11-30 00:00:00.0) 
&amp#27;[2m2024-12-04T15:57:43.553-05:00&amp#27;[0;39m &amp#27;[32m INFO&amp#27;[0;39m &amp#27;[35m200517&amp#27;[0;39m &amp#27;[2m---&amp#27;[0;39m &amp#27;[2m[           main]&amp#27;[0;39m &amp#27;[36mc.tecsup.petclinic.webs.PetController   &amp#27;[0;39m &amp#27;[2m:&amp#27;[0;39m Pet >>  Pet(id=6, name=George, typeId=4, ownerId=5, birthDate=2000-01-20 00:00:00.0) 
&amp#27;[2m2024-12-04T15:57:43.553-05:00&amp#27;[0;39m &amp#27;[32m INFO&amp#27;[0;39m &amp#27;[35m200517&amp#27;[0;39m &amp#27;[2m---&amp#27;[0;39m &amp#27;[2m[           main]&amp#27;[0;39m &amp#27;[36mc.tecsup.petclinic.webs.PetController   &amp#27;[0;39m &amp#27;[2m:&amp#27;[0;39m Pet >>  Pet(id=7, name=Samantha, typeId=1, ownerId=6, birthDate=1995-09-04 00:00:00.0) 
&amp#27;[2m2024-12-04T15:57:43.553-05:00&amp#27;[0;39m &amp#27;[32m INFO&amp#27;[0;39m &amp#27;[35m200517&amp#27;[0;39m &amp#27;[2m---&amp#27;[0;39m &amp#27;[2m[           main]&amp#27;[0;39m &amp#27;[36mc.tecsup.petclinic.webs.PetController   &amp#27;[0;39m &amp#27;[2m:&amp#27;[0;39m Pet >>  Pet(id=8, name=Max, typeId=1, ownerId=6, birthDate=1995-09-04 00:00:00.0) 
&amp#27;[2m2024-12-04T15:57:43.553-05:00&amp#27;[0;39m &amp#27;[32m INFO&amp#27;[0;39m &amp#27;[35m200517&amp#27;[0;39m &amp#27;[2m---&amp#27;[0;39m &amp#27;[2m[           main]&amp#27;[0;39m &amp#27;[36mc.tecsup.petclinic.webs.PetController   &amp#27;[0;39m &amp#27;[2m:&amp#27;[0;39m Pet >>  Pet(id=9, name=Lucky, typeId=5, ownerId=7, birthDate=1999-08-06 00:00:00.0) 
&amp#27;[2m2024-12-04T15:57:43.553-05:00&amp#27;[0;39m &amp#27;[32m INFO&amp#27;[0;39m &amp#27;[35m200517&amp#27;[0;39m &amp#27;[2m---&amp#27;[0;39m &amp#27;[2m[           main]&amp#27;[0;39m &amp#27;[36mc.tecsup.petclinic.webs.PetController   &amp#27;[0;39m &amp#27;[2m:&amp#27;[0;39m Pet >>  Pet(id=10, name=Mulligan, typeId=2, ownerId=8, birthDate=1997-02-24 00:00:00.0) 
&amp#27;[2m2024-12-04T15:57:43.553-05:00&amp#27;[0;39m &amp#27;[32m INFO&amp#27;[0;39m &amp#27;[35m200517&amp#27;[0;39m &amp#27;[2m---&amp#27;[0;39m &amp#27;[2m[           main]&amp#27;[0;39m &amp#27;[36mc.tecsup.petclinic.webs.PetController   &amp#27;[0;39m &amp#27;[2m:&amp#27;[0;39m Pet >>  Pet(id=11, name=Freddy, typeId=5, ownerId=9, birthDate=2000-03-09 00:00:00.0) 
&amp#27;[2m2024-12-04T15:57:43.553-05:00&amp#27;[0;39m &amp#27;[32m INFO&amp#27;[0;39m &amp#27;[35m200517&amp#27;[0;39m &amp#27;[2m---&amp#27;[0;39m &amp#27;[2m[           main]&amp#27;[0;39m &amp#27;[36mc.tecsup.petclinic.webs.PetController   &amp#27;[0;39m &amp#27;[2m:&amp#27;[0;39m Pet >>  Pet(id=12, name=Lucky, typeId=2, ownerId=10, birthDate=2000-06-24 00:00:00.0) 
&amp#27;[2m2024-12-04T15:57:43.554-05:00&amp#27;[0;39m &amp#27;[32m INFO&amp#27;[0;39m &amp#27;[35m200517&amp#27;[0;39m &amp#27;[2m---&amp#27;[0;39m &amp#27;[2m[           main]&amp#27;[0;39m &amp#27;[36mc.tecsup.petclinic.webs.PetController   &amp#27;[0;39m &amp#27;[2m:&amp#27;[0;39m Pet >>  Pet(id=13, name=Sly, typeId=1, ownerId=10, birthDate=2002-06-08 00:00:00.0) 
&amp#27;[2m2024-12-04T15:57:43.555-05:00&amp#27;[0;39m &amp#27;[32m INFO&amp#27;[0;39m &amp#27;[35m200517&amp#27;[0;39m &amp#27;[2m---&amp#27;[0;39m &amp#27;[2m[           main]&amp#27;[0;39m &amp#27;[36mc.tecsup.petclinic.webs.PetController   &amp#27;[0;39m &amp#27;[2m:&amp#27;[0;39m petsTO: [PetTO(id=1, name=Leo, typeId=1, ownerId=1, birthDate=2000-09-07), PetTO(id=2, name=Basil, typeId=6, ownerId=2, birthDate=2002-08-06), PetTO(id=3, name=Rosy, typeId=2, ownerId=3, birthDate=2001-04-17), PetTO(id=4, name=Jewel, typeId=2, ownerId=3, birthDate=2000-03-07), PetTO(id=5, name=Iggy, typeId=3, ownerId=4, birthDate=2000-11-30), PetTO(id=6, name=George, typeId=4, ownerId=5, birthDate=2000-01-20), PetTO(id=7, name=Samantha, typeId=1, ownerId=6, birthDate=1995-09-04), PetTO(id=8, name=Max, typeId=1, ownerId=6, birthDate=1995-09-04), PetTO(id=9, name=Lucky, typeId=5, ownerId=7, birthDate=1999-08-06), PetTO(id=10, name=Mulligan, typeId=2, ownerId=8, birthDate=1997-02-24), PetTO(id=11, name=Freddy, typeId=5, ownerId=9, birthDate=2000-03-09), PetTO(id=12, name=Lucky, typeId=2, ownerId=10, birthDate=2000-06-24), PetTO(id=13, name=Sly, typeId=1, ownerId=10, birthDate=2002-06-08)]
&amp#27;[2m2024-12-04T15:57:43.555-05:00&amp#27;[0;39m &amp#27;[32m INFO&amp#27;[0;39m &amp#27;[35m200517&amp#27;[0;39m &amp#27;[2m---&amp#27;[0;39m &amp#27;[2m[           main]&amp#27;[0;39m &amp#27;[36mc.tecsup.petclinic.webs.PetController   &amp#27;[0;39m &amp#27;[2m:&amp#27;[0;39m PetTO >>  PetTO(id=1, name=Leo, typeId=1, ownerId=1, birthDate=2000-09-07) 
&amp#27;[2m2024-12-04T15:57:43.555-05:00&amp#27;[0;39m &amp#27;[32m INFO&amp#27;[0;39m &amp#27;[35m200517&amp#27;[0;39m &amp#27;[2m---&amp#27;[0;39m &amp#27;[2m[           main]&amp#27;[0;39m &amp#27;[36mc.tecsup.petclinic.webs.PetController   &amp#27;[0;39m &amp#27;[2m:&amp#27;[0;39m PetTO >>  PetTO(id=2, name=Basil, typeId=6, ownerId=2, birthDate=2002-08-06) 
&amp#27;[2m2024-12-04T15:57:43.555-05:00&amp#27;[0;39m &amp#27;[32m INFO&amp#27;[0;39m &amp#27;[35m200517&amp#27;[0;39m &amp#27;[2m---&amp#27;[0;39m &amp#27;[2m[           main]&amp#27;[0;39m &amp#27;[36mc.tecsup.petclinic.webs.PetController   &amp#27;[0;39m &amp#27;[2m:&amp#27;[0;39m PetTO >>  PetTO(id=3, name=Rosy, typeId=2, ownerId=3, birthDate=2001-04-17) 
&amp#27;[2m2024-12-04T15:57:43.556-05:00&amp#27;[0;39m &amp#27;[32m INFO&amp#27;[0;39m &amp#27;[35m200517&amp#27;[0;39m &amp#27;[2m---&amp#27;[0;39m &amp#27;[2m[           main]&amp#27;[0;39m &amp#27;[36mc.tecsup.petclinic.webs.PetController   &amp#27;[0;39m &amp#27;[2m:&amp#27;[0;39m PetTO >>  PetTO(id=4, name=Jewel, typeId=2, ownerId=3, birthDate=2000-03-07) 
&amp#27;[2m2024-12-04T15:57:43.556-05:00&amp#27;[0;39m &amp#27;[32m INFO&amp#27;[0;39m &amp#27;[35m200517&amp#27;[0;39m &amp#27;[2m---&amp#27;[0;39m &amp#27;[2m[           main]&amp#27;[0;39m &amp#27;[36mc.tecsup.petclinic.webs.PetController   &amp#27;[0;39m &amp#27;[2m:&amp#27;[0;39m PetTO >>  PetTO(id=5, name=Iggy, typeId=3, ownerId=4, birthDate=2000-11-30) 
&amp#27;[2m2024-12-04T15:57:43.556-05:00&amp#27;[0;39m &amp#27;[32m INFO&amp#27;[0;39m &amp#27;[35m200517&amp#27;[0;39m &amp#27;[2m---&amp#27;[0;39m &amp#27;[2m[           main]&amp#27;[0;39m &amp#27;[36mc.tecsup.petclinic.webs.PetController   &amp#27;[0;39m &amp#27;[2m:&amp#27;[0;39m PetTO >>  PetTO(id=6, name=George, typeId=4, ownerId=5, birthDate=2000-01-20) 
&amp#27;[2m2024-12-04T15:57:43.556-05:00&amp#27;[0;39m &amp#27;[32m INFO&amp#27;[0;39m &amp#27;[35m200517&amp#27;[0;39m &amp#27;[2m---&amp#27;[0;39m &amp#27;[2m[           main]&amp#27;[0;39m &amp#27;[36mc.tecsup.petclinic.webs.PetController   &amp#27;[0;39m &amp#27;[2m:&amp#27;[0;39m PetTO >>  PetTO(id=7, name=Samantha, typeId=1, ownerId=6, birthDate=1995-09-04) 
&amp#27;[2m2024-12-04T15:57:43.556-05:00&amp#27;[0;39m &amp#27;[32m INFO&amp#27;[0;39m &amp#27;[35m200517&amp#27;[0;39m &amp#27;[2m---&amp#27;[0;39m &amp#27;[2m[           main]&amp#27;[0;39m &amp#27;[36mc.tecsup.petclinic.webs.PetController   &amp#27;[0;39m &amp#27;[2m:&amp#27;[0;39m PetTO >>  PetTO(id=8, name=Max, typeId=1, ownerId=6, birthDate=1995-09-04) 
&amp#27;[2m2024-12-04T15:57:43.556-05:00&amp#27;[0;39m &amp#27;[32m INFO&amp#27;[0;39m &amp#27;[35m200517&amp#27;[0;39m &amp#27;[2m---&amp#27;[0;39m &amp#27;[2m[           main]&amp#27;[0;39m &amp#27;[36mc.tecsup.petclinic.webs.PetController   &amp#27;[0;39m &amp#27;[2m:&amp#27;[0;39m PetTO >>  PetTO(id=9, name=Lucky, typeId=5, ownerId=7, birthDate=1999-08-06) 
&amp#27;[2m2024-12-04T15:57:43.556-05:00&amp#27;[0;39m &amp#27;[32m INFO&amp#27;[0;39m &amp#27;[35m200517&amp#27;[0;39m &amp#27;[2m---&amp#27;[0;39m &amp#27;[2m[           main]&amp#27;[0;39m &amp#27;[36mc.tecsup.petclinic.webs.PetController   &amp#27;[0;39m &amp#27;[2m:&amp#27;[0;39m PetTO >>  PetTO(id=10, name=Mulligan, typeId=2, ownerId=8, birthDate=1997-02-24) 
&amp#27;[2m2024-12-04T15:57:43.556-05:00&amp#27;[0;39m &amp#27;[32m INFO&amp#27;[0;39m &amp#27;[35m200517&amp#27;[0;39m &amp#27;[2m---&amp#27;[0;39m &amp#27;[2m[           main]&amp#27;[0;39m &amp#27;[36mc.tecsup.petclinic.webs.PetController   &amp#27;[0;39m &amp#27;[2m:&amp#27;[0;39m PetTO >>  PetTO(id=11, name=Freddy, typeId=5, ownerId=9, birthDate=2000-03-09) 
&amp#27;[2m2024-12-04T15:57:43.556-05:00&amp#27;[0;39m &amp#27;[32m INFO&amp#27;[0;39m &amp#27;[35m200517&amp#27;[0;39m &amp#27;[2m---&amp#27;[0;39m &amp#27;[2m[           main]&amp#27;[0;39m &amp#27;[36mc.tecsup.petclinic.webs.PetController   &amp#27;[0;39m &amp#27;[2m:&amp#27;[0;39m PetTO >>  PetTO(id=12, name=Lucky, typeId=2, ownerId=10, birthDate=2000-06-24) 
&amp#27;[2m2024-12-04T15:57:43.556-05:00&amp#27;[0;39m &amp#27;[32m INFO&amp#27;[0;39m &amp#27;[35m200517&amp#27;[0;39m &amp#27;[2m---&amp#27;[0;39m &amp#27;[2m[           main]&amp#27;[0;39m &amp#27;[36mc.tecsup.petclinic.webs.PetController   &amp#27;[0;39m &amp#27;[2m:&amp#27;[0;39m PetTO >>  PetTO(id=13, name=Sly, typeId=1, ownerId=10, birthDate=2002-06-08) 
]]></system-out>
  </testcase>
  <testcase name="testDeletePet" classname="com.tecsup.petclinic.webs.PetControllerTest" time="0.017">
    <system-out><![CDATA[Hibernate: 
    insert 
    into
        pets
        (birth_date,name,owner_id,type_id,id) 
    values
        (?,?,?,?,default)

MockHttpServletRequest:
      HTTP Method = POST
      Request URI = /pets
       Parameters = {}
          Headers = [Content-Type:"application/json;charset=UTF-8", Content-Length:"79"]
             Body = {"id":null,"name":"Beethoven3","typeId":1,"ownerId":1,"birthDate":"2020-05-20"}
    Session Attrs = {}

Handler:
             Type = com.tecsup.petclinic.webs.PetController
           Method = com.tecsup.petclinic.webs.PetController#create(PetTO)

Async:
    Async started = false
     Async result = null

Resolved Exception:
             Type = null

ModelAndView:
        View name = null
             View = null
            Model = null

FlashMap:
       Attributes = null

MockHttpServletResponse:
           Status = 201
    Error message = null
          Headers = [Content-Type:"application/json"]
     Content type = application/json
             Body = {"id":15,"name":"Beethoven3","typeId":1,"ownerId":1,"birthDate":"2020-05-20"}
    Forwarded URL = null
   Redirected URL = null
          Cookies = []
Hibernate: 
    select
        p1_0.id,
        p1_0.birth_date,
        p1_0.name,
        p1_0.owner_id,
        p1_0.type_id 
    from
        pets p1_0 
    where
        p1_0.id=?
Hibernate: 
    delete 
    from
        pets 
    where
        id=?
]]></system-out>
  </testcase>
  <testcase name="testFindPetKO" classname="com.tecsup.petclinic.webs.PetControllerTest" time="0.007">
    <system-out><![CDATA[Hibernate: 
    select
        p1_0.id,
        p1_0.birth_date,
        p1_0.name,
        p1_0.owner_id,
        p1_0.type_id 
    from
        pets p1_0 
    where
        p1_0.id=?
]]></system-out>
  </testcase>
  <testcase name="testFindPetOK" classname="com.tecsup.petclinic.webs.PetControllerTest" time="0.009">
    <system-out><![CDATA[Hibernate: 
    select
        p1_0.id,
        p1_0.birth_date,
        p1_0.name,
        p1_0.owner_id,
        p1_0.type_id 
    from
        pets p1_0 
    where
        p1_0.id=?

MockHttpServletRequest:
      HTTP Method = GET
      Request URI = /pets/1
       Parameters = {}
          Headers = []
             Body = null
    Session Attrs = {}

Handler:
             Type = com.tecsup.petclinic.webs.PetController
           Method = com.tecsup.petclinic.webs.PetController#findById(Integer)

Async:
    Async started = false
     Async result = null

Resolved Exception:
             Type = null

ModelAndView:
        View name = null
             View = null
            Model = null

FlashMap:
       Attributes = null

MockHttpServletResponse:
           Status = 200
    Error message = null
          Headers = [Content-Type:"application/json"]
     Content type = application/json
             Body = {"id":1,"name":"Leo","typeId":1,"ownerId":1,"birthDate":"2000-09-07"}
    Forwarded URL = null
   Redirected URL = null
          Cookies = []
]]></system-out>
  </testcase>
  <testcase name="testCreatePet" classname="com.tecsup.petclinic.webs.PetControllerTest" time="0.01">
    <system-out><![CDATA[Hibernate: 
    insert 
    into
        pets
        (birth_date,name,owner_id,type_id,id) 
    values
        (?,?,?,?,default)

MockHttpServletRequest:
      HTTP Method = POST
      Request URI = /pets
       Parameters = {}
          Headers = [Content-Type:"application/json;charset=UTF-8", Content-Length:"78"]
             Body = {"id":null,"name":"Beethoven","typeId":1,"ownerId":1,"birthDate":"2020-05-20"}
    Session Attrs = {}

Handler:
             Type = com.tecsup.petclinic.webs.PetController
           Method = com.tecsup.petclinic.webs.PetController#create(PetTO)

Async:
    Async started = false
     Async result = null

Resolved Exception:
             Type = null

ModelAndView:
        View name = null
             View = null
            Model = null

FlashMap:
       Attributes = null

MockHttpServletResponse:
           Status = 201
    Error message = null
          Headers = [Content-Type:"application/json"]
     Content type = application/json
             Body = {"id":16,"name":"Beethoven","typeId":1,"ownerId":1,"birthDate":"2020-05-20"}
    Forwarded URL = null
   Redirected URL = null
          Cookies = []
]]></system-out>
  </testcase>
</testsuite>