<?xml version="1.0" encoding="UTF-8"?>
<testsuite xmlns:xsi="http://www.w3.org/2001/XMLSchema-instance" xsi:noNamespaceSchemaLocation="https://maven.apache.org/surefire/maven-surefire-plugin/xsd/surefire-test-report-3.0.xsd" version="3.0" name="com.tecsup.petclinic.services.PetServiceTest" time="0.797" tests="7" errors="0" skipped="0" failures="0">
  <properties>
[...]
</properties>
  <testcase name="testUpdatePet" classname="com.tecsup.petclinic.services.PetServiceTest" time="0.017">
    <system-out><![CDATA[&amp#27;[2m2024-12-04T15:57:45.077-05:00&amp#27;[0;39m &amp#27;[32m INFO&amp#27;[0;39m &amp#27;[35m200517&amp#27;[0;39m &amp#27;[2m---&amp#27;[0;39m &amp#27;[2m[           main]&amp#27;[0;39m &amp#27;[36mt.c.s.AnnotationConfigContextLoaderUtils&amp#27;[0;39m &amp#27;[2m:&amp#27;[0;39m Could not detect default configuration classes for test class [com.tecsup.petclinic.services.PetServiceTest]: PetServiceTest does not declare any static, non-private, non-final, nested classes annotated with @Configuration.
&amp#27;[2m2024-12-04T15:57:45.089-05:00&amp#27;[0;39m &amp#27;[32m INFO&amp#27;[0;39m &amp#27;[35m200517&amp#27;[0;39m &amp#27;[2m---&amp#27;[0;39m &amp#27;[2m[           main]&amp#27;[0;39m &amp#27;[36m.b.t.c.SpringBootTestContextBootstrapper&amp#27;[0;39m &amp#27;[2m:&amp#27;[0;39m Found @SpringBootConfiguration com.tecsup.petclinic.PetClinicApplication for test class com.tecsup.petclinic.services.PetServiceTest
&amp#27;[2m2024-12-04T15:57:45.093-05:00&amp#27;[0;39m &amp#27;[32m INFO&amp#27;[0;39m &amp#27;[35m200517&amp#27;[0;39m &amp#27;[2m---&amp#27;[0;39m &amp#27;[2m[           main]&amp#27;[0;39m &amp#27;[36mo.s.b.d.r.RestartApplicationListener    &amp#27;[0;39m &amp#27;[2m:&amp#27;[0;39m Restart disabled due to context in which it is running

  .   ____          _            __ _ _
 /\\ / ___'_ __ _ _(_)_ __  __ _ \ \ \ \
( ( )\___ | '_ | '_| | '_ \/ _` | \ \ \ \
 \\/  ___)| |_)| | | | | || (_| |  ) ) ) )
  '  |____| .__|_| |_|_| |_\__, | / / / /
 =========|_|==============|___/=/_/_/_/
&amp#27;[32m :: Spring Boot :: &amp#27;[39m             &amp#27;[2m (v3.1.11)&amp#27;[0;39m

&amp#27;[2m2024-12-04T15:57:45.127-05:00&amp#27;[0;39m &amp#27;[32m INFO&amp#27;[0;39m &amp#27;[35m200517&amp#27;[0;39m &amp#27;[2m---&amp#27;[0;39m &amp#27;[2m[           main]&amp#27;[0;39m &amp#27;[36mc.t.petclinic.services.PetServiceTest   &amp#27;[0;39m &amp#27;[2m:&amp#27;[0;39m Starting PetServiceTest using Java 22.0.2 with PID 200517 (started by theshepsmt in /home/theshepsmt/Projects/petclinic_load_test)
&amp#27;[2m2024-12-04T15:57:45.128-05:00&amp#27;[0;39m &amp#27;[32m INFO&amp#27;[0;39m &amp#27;[35m200517&amp#27;[0;39m &amp#27;[2m---&amp#27;[0;39m &amp#27;[2m[           main]&amp#27;[0;39m &amp#27;[36mc.t.petclinic.services.PetServiceTest   &amp#27;[0;39m &amp#27;[2m:&amp#27;[0;39m The following 1 profile is active: "local"
&amp#27;[2m2024-12-04T15:57:45.293-05:00&amp#27;[0;39m &amp#27;[32m INFO&amp#27;[0;39m &amp#27;[35m200517&amp#27;[0;39m &amp#27;[2m---&amp#27;[0;39m &amp#27;[2m[           main]&amp#27;[0;39m &amp#27;[36m.s.d.r.c.RepositoryConfigurationDelegate&amp#27;[0;39m &amp#27;[2m:&amp#27;[0;39m Bootstrapping Spring Data JPA repositories in DEFAULT mode.
&amp#27;[2m2024-12-04T15:57:45.305-05:00&amp#27;[0;39m &amp#27;[32m INFO&amp#27;[0;39m &amp#27;[35m200517&amp#27;[0;39m &amp#27;[2m---&amp#27;[0;39m &amp#27;[2m[           main]&amp#27;[0;39m &amp#27;[36m.s.d.r.c.RepositoryConfigurationDelegate&amp#27;[0;39m &amp#27;[2m:&amp#27;[0;39m Finished Spring Data repository scanning in 11 ms. Found 1 JPA repository interface.
&amp#27;[2m2024-12-04T15:57:45.400-05:00&amp#27;[0;39m &amp#27;[32m INFO&amp#27;[0;39m &amp#27;[35m200517&amp#27;[0;39m &amp#27;[2m---&amp#27;[0;39m &amp#27;[2m[           main]&amp#27;[0;39m &amp#27;[36mcom.zaxxer.hikari.HikariDataSource      &amp#27;[0;39m &amp#27;[2m:&amp#27;[0;39m HikariPool-3 - Starting...
&amp#27;[2m2024-12-04T15:57:45.402-05:00&amp#27;[0;39m &amp#27;[32m INFO&amp#27;[0;39m &amp#27;[35m200517&amp#27;[0;39m &amp#27;[2m---&amp#27;[0;39m &amp#27;[2m[           main]&amp#27;[0;39m &amp#27;[36mcom.zaxxer.hikari.pool.HikariPool       &amp#27;[0;39m &amp#27;[2m:&amp#27;[0;39m HikariPool-3 - Added connection conn20: url=jdbc:h2:mem:testdb user=SA
&amp#27;[2m2024-12-04T15:57:45.402-05:00&amp#27;[0;39m &amp#27;[32m INFO&amp#27;[0;39m &amp#27;[35m200517&amp#27;[0;39m &amp#27;[2m---&amp#27;[0;39m &amp#27;[2m[           main]&amp#27;[0;39m &amp#27;[36mcom.zaxxer.hikari.HikariDataSource      &amp#27;[0;39m &amp#27;[2m:&amp#27;[0;39m HikariPool-3 - Start completed.
&amp#27;[2m2024-12-04T15:57:45.403-05:00&amp#27;[0;39m &amp#27;[32m INFO&amp#27;[0;39m &amp#27;[35m200517&amp#27;[0;39m &amp#27;[2m---&amp#27;[0;39m &amp#27;[2m[           main]&amp#27;[0;39m &amp#27;[36mo.hibernate.jpa.internal.util.LogHelper &amp#27;[0;39m &amp#27;[2m:&amp#27;[0;39m HHH000204: Processing PersistenceUnitInfo [name: default]
&amp#27;[2m2024-12-04T15:57:45.409-05:00&amp#27;[0;39m &amp#27;[32m INFO&amp#27;[0;39m &amp#27;[35m200517&amp#27;[0;39m &amp#27;[2m---&amp#27;[0;39m &amp#27;[2m[           main]&amp#27;[0;39m &amp#27;[36mo.s.o.j.p.SpringPersistenceUnitInfo     &amp#27;[0;39m &amp#27;[2m:&amp#27;[0;39m No LoadTimeWeaver setup: ignoring JPA class transformer
&amp#27;[2m2024-12-04T15:57:45.411-05:00&amp#27;[0;39m &amp#27;[33m WARN&amp#27;[0;39m &amp#27;[35m200517&amp#27;[0;39m &amp#27;[2m---&amp#27;[0;39m &amp#27;[2m[           main]&amp#27;[0;39m &amp#27;[36morg.hibernate.orm.deprecation           &amp#27;[0;39m &amp#27;[2m:&amp#27;[0;39m HHH90000025: H2Dialect does not need to be specified explicitly using 'hibernate.dialect' (remove the property setting and it will be selected by default)
&amp#27;[2m2024-12-04T15:57:45.448-05:00&amp#27;[0;39m &amp#27;[32m INFO&amp#27;[0;39m &amp#27;[35m200517&amp#27;[0;39m &amp#27;[2m---&amp#27;[0;39m &amp#27;[2m[           main]&amp#27;[0;39m &amp#27;[36mo.h.e.t.j.p.i.JtaPlatformInitiator      &amp#27;[0;39m &amp#27;[2m:&amp#27;[0;39m HHH000489: No JTA platform available (set 'hibernate.transaction.jta.platform' to enable JTA platform integration)
Hibernate: 
    drop table if exists pets cascade 
Hibernate: 
    create table pets (
        id integer generated by default as identity,
        owner_id integer,
        type_id integer,
        birth_date timestamp(6),
        name varchar(255),
        primary key (id)
    )
&amp#27;[2m2024-12-04T15:57:45.452-05:00&amp#27;[0;39m &amp#27;[32m INFO&amp#27;[0;39m &amp#27;[35m200517&amp#27;[0;39m &amp#27;[2m---&amp#27;[0;39m &amp#27;[2m[           main]&amp#27;[0;39m &amp#27;[36mj.LocalContainerEntityManagerFactoryBean&amp#27;[0;39m &amp#27;[2m:&amp#27;[0;39m Initialized JPA EntityManagerFactory for persistence unit 'default'
&amp#27;[2m2024-12-04T15:57:45.511-05:00&amp#27;[0;39m &amp#27;[33m WARN&amp#27;[0;39m &amp#27;[35m200517&amp#27;[0;39m &amp#27;[2m---&amp#27;[0;39m &amp#27;[2m[           main]&amp#27;[0;39m &amp#27;[36mJpaBaseConfiguration$JpaWebConfiguration&amp#27;[0;39m &amp#27;[2m:&amp#27;[0;39m spring.jpa.open-in-view is enabled by default. Therefore, database queries may be performed during view rendering. Explicitly configure spring.jpa.open-in-view to disable this warning
&amp#27;[2m2024-12-04T15:57:45.688-05:00&amp#27;[0;39m &amp#27;[32m INFO&amp#27;[0;39m &amp#27;[35m200517&amp#27;[0;39m &amp#27;[2m---&amp#27;[0;39m &amp#27;[2m[           main]&amp#27;[0;39m &amp#27;[36mo.s.b.a.h2.H2ConsoleAutoConfiguration   &amp#27;[0;39m &amp#27;[2m:&amp#27;[0;39m H2 console available at '/h2'. Database available at 'jdbc:h2:mem:testdb'
&amp#27;[2m2024-12-04T15:57:45.727-05:00&amp#27;[0;39m &amp#27;[32m INFO&amp#27;[0;39m &amp#27;[35m200517&amp#27;[0;39m &amp#27;[2m---&amp#27;[0;39m &amp#27;[2m[           main]&amp#27;[0;39m &amp#27;[36mc.t.petclinic.services.PetServiceTest   &amp#27;[0;39m &amp#27;[2m:&amp#27;[0;39m Started PetServiceTest in 0.633 seconds (process running for 9.675)
&amp#27;[2m2024-12-04T15:57:45.733-05:00&amp#27;[0;39m &amp#27;[32m INFO&amp#27;[0;39m &amp#27;[35m200517&amp#27;[0;39m &amp#27;[2m---&amp#27;[0;39m &amp#27;[2m[           main]&amp#27;[0;39m &amp#27;[36mc.t.petclinic.services.PetServiceTest   &amp#27;[0;39m &amp#27;[2m:&amp#27;[0;39m >Pet(id=null, name=Bear, typeId=1, ownerId=1, birthDate=null)
Hibernate: 
    insert 
    into
        pets
        (birth_date,name,owner_id,type_id,id) 
    values
        (?,?,?,?,default)
&amp#27;[2m2024-12-04T15:57:45.738-05:00&amp#27;[0;39m &amp#27;[32m INFO&amp#27;[0;39m &amp#27;[35m200517&amp#27;[0;39m &amp#27;[2m---&amp#27;[0;39m &amp#27;[2m[           main]&amp#27;[0;39m &amp#27;[36mc.t.petclinic.services.PetServiceTest   &amp#27;[0;39m &amp#27;[2m:&amp#27;[0;39m >>Pet(id=14, name=Bear, typeId=1, ownerId=1, birthDate=null)
Hibernate: 
    select
        p1_0.id,
        p1_0.birth_date,
        p1_0.name,
        p1_0.owner_id,
        p1_0.type_id 
    from
        pets p1_0 
    where
        p1_0.id=?
Hibernate: 
    update
        pets 
    set
        birth_date=?,
        name=?,
        owner_id=?,
        type_id=? 
    where
        id=?
&amp#27;[2m2024-12-04T15:57:45.744-05:00&amp#27;[0;39m &amp#27;[32m INFO&amp#27;[0;39m &amp#27;[35m200517&amp#27;[0;39m &amp#27;[2m---&amp#27;[0;39m &amp#27;[2m[           main]&amp#27;[0;39m &amp#27;[36mc.t.petclinic.services.PetServiceTest   &amp#27;[0;39m &amp#27;[2m:&amp#27;[0;39m >>>>Pet(id=14, name=Bear2, typeId=2, ownerId=2, birthDate=null)
]]></system-out>
  </testcase>
  <testcase name="testFindPetByName" classname="com.tecsup.petclinic.services.PetServiceTest" time="0.074">
    <system-out><![CDATA[Hibernate: 
    select
        p1_0.id,
        p1_0.birth_date,
        p1_0.name,
        p1_0.owner_id,
        p1_0.type_id 
    from
        pets p1_0 
    where
        p1_0.name=?
&amp#27;[2m2024-12-04T15:57:45.819-05:00&amp#27;[0;39m &amp#27;[32m INFO&amp#27;[0;39m &amp#27;[35m200517&amp#27;[0;39m &amp#27;[2m---&amp#27;[0;39m &amp#27;[2m[           main]&amp#27;[0;39m &amp#27;[36mc.t.petclinic.services.PetServiceImpl   &amp#27;[0;39m &amp#27;[2m:&amp#27;[0;39m Pet(id=1, name=Leo, typeId=1, ownerId=1, birthDate=2000-09-07 00:00:00.0)
]]></system-out>
  </testcase>
  <testcase name="testFindPetById" classname="com.tecsup.petclinic.services.PetServiceTest" time="0.006">
    <system-out><![CDATA[Hibernate: 
    select
        p1_0.id,
        p1_0.birth_date,
        p1_0.name,
        p1_0.owner_id,
        p1_0.type_id 
    from
        pets p1_0 
    where
        p1_0.id=?
&amp#27;[2m2024-12-04T15:57:45.827-05:00&amp#27;[0;39m &amp#27;[32m INFO&amp#27;[0;39m &amp#27;[35m200517&amp#27;[0;39m &amp#27;[2m---&amp#27;[0;39m &amp#27;[2m[           main]&amp#27;[0;39m &amp#27;[36mc.t.petclinic.services.PetServiceTest   &amp#27;[0;39m &amp#27;[2m:&amp#27;[0;39m Pet(id=1, name=Leo, typeId=1, ownerId=1, birthDate=2000-09-07 00:00:00.0)
]]></system-out>
  </testcase>
  <testcase name="testFindPetByOwnerId" classname="com.tecsup.petclinic.services.PetServiceTest" time="0.008">
    <system-out><![CDATA[Hibernate: 
    select
        p1_0.id,
        p1_0.birth_date,
        p1_0.name,
        p1_0.owner_id,
        p1_0.type_id 
    from
        pets p1_0 
    where
        p1_0.owner_id=?
&amp#27;[2m2024-12-04T15:57:45.836-05:00&amp#27;[0;39m &amp#27;[32m INFO&amp#27;[0;39m &amp#27;[35m200517&amp#27;[0;39m &amp#27;[2m---&amp#27;[0;39m &amp#27;[2m[           main]&amp#27;[0;39m &amp#27;[36mc.t.petclinic.services.PetServiceImpl   &amp#27;[0;39m &amp#27;[2m:&amp#27;[0;39m Pet(id=12, name=Lucky, typeId=2, ownerId=10, birthDate=2000-06-24 00:00:00.0)
&amp#27;[2m2024-12-04T15:57:45.836-05:00&amp#27;[0;39m &amp#27;[32m INFO&amp#27;[0;39m &amp#27;[35m200517&amp#27;[0;39m &amp#27;[2m---&amp#27;[0;39m &amp#27;[2m[           main]&amp#27;[0;39m &amp#27;[36mc.t.petclinic.services.PetServiceImpl   &amp#27;[0;39m &amp#27;[2m:&amp#27;[0;39m Pet(id=13, name=Sly, typeId=1, ownerId=10, birthDate=2002-06-08 00:00:00.0)
]]></system-out>
  </testcase>
  <testcase name="testDeletePet" classname="com.tecsup.petclinic.services.PetServiceTest" time="0.012">
    <system-out><![CDATA[Hibernate: 
    insert 
    into
        pets
        (birth_date,name,owner_id,type_id,id) 
    values
        (?,?,?,?,default)
&amp#27;[2m2024-12-04T15:57:45.844-05:00&amp#27;[0;39m &amp#27;[32m INFO&amp#27;[0;39m &amp#27;[35m200517&amp#27;[0;39m &amp#27;[2m---&amp#27;[0;39m &amp#27;[2m[           main]&amp#27;[0;39m &amp#27;[36mc.t.petclinic.services.PetServiceTest   &amp#27;[0;39m &amp#27;[2m:&amp#27;[0;39m Pet(id=15, name=Bird, typeId=1, ownerId=1, birthDate=null)
Hibernate: 
    select
        p1_0.id,
        p1_0.birth_date,
        p1_0.name,
        p1_0.owner_id,
        p1_0.type_id 
    from
        pets p1_0 
    where
        p1_0.id=?
Hibernate: 
    select
        p1_0.id,
        p1_0.birth_date,
        p1_0.name,
        p1_0.owner_id,
        p1_0.type_id 
    from
        pets p1_0 
    where
        p1_0.id=?
Hibernate: 
    delete 
    from
        pets 
    where
        id=?
Hibernate: 
    select
        p1_0.id,
        p1_0.birth_date,
        p1_0.name,
        p1_0.owner_id,
        p1_0.type_id 
    from
        pets p1_0 
    where
        p1_0.id=?
]]></system-out>
  </testcase>
  <testcase name="testCreatePet" classname="com.tecsup.petclinic.services.PetServiceTest" time="0.007">
    <system-out><![CDATA[Hibernate: 
    insert 
    into
        pets
        (birth_date,name,owner_id,type_id,id) 
    values
        (?,?,?,?,default)
&amp#27;[2m2024-12-04T15:57:45.858-05:00&amp#27;[0;39m &amp#27;[32m INFO&amp#27;[0;39m &amp#27;[35m200517&amp#27;[0;39m &amp#27;[2m---&amp#27;[0;39m &amp#27;[2m[           main]&amp#27;[0;39m &amp#27;[36mc.t.petclinic.services.PetServiceTest   &amp#27;[0;39m &amp#27;[2m:&amp#27;[0;39m PET CREATED :Pet(id=16, name=Ponky, typeId=1, ownerId=1, birthDate=null)
]]></system-out>
  </testcase>
  <testcase name="testFindPetByTypeId" classname="com.tecsup.petclinic.services.PetServiceTest" time="0.008">
    <system-out><![CDATA[Hibernate: 
    select
        p1_0.id,
        p1_0.birth_date,
        p1_0.name,
        p1_0.owner_id,
        p1_0.type_id 
    from
        pets p1_0 
    where
        p1_0.type_id=?
&amp#27;[2m2024-12-04T15:57:45.868-05:00&amp#27;[0;39m &amp#27;[32m INFO&amp#27;[0;39m &amp#27;[35m200517&amp#27;[0;39m &amp#27;[2m---&amp#27;[0;39m &amp#27;[2m[           main]&amp#27;[0;39m &amp#27;[36mc.t.petclinic.services.PetServiceImpl   &amp#27;[0;39m &amp#27;[2m:&amp#27;[0;39m Pet(id=9, name=Lucky, typeId=5, ownerId=7, birthDate=1999-08-06 00:00:00.0)
&amp#27;[2m2024-12-04T15:57:45.868-05:00&amp#27;[0;39m &amp#27;[32m INFO&amp#27;[0;39m &amp#27;[35m200517&amp#27;[0;39m &amp#27;[2m---&amp#27;[0;39m &amp#27;[2m[           main]&amp#27;[0;39m &amp#27;[36mc.t.petclinic.services.PetServiceImpl   &amp#27;[0;39m &amp#27;[2m:&amp#27;[0;39m Pet(id=11, name=Freddy, typeId=5, ownerId=9, birthDate=2000-03-09 00:00:00.0)
]]></system-out>
  </testcase>
</testsuite>